{
  "stats": {
    "suites": 1,
    "tests": 1,
    "passes": 0,
    "pending": 0,
    "failures": 1,
    "start": "2024-07-19T02:58:41.739Z",
    "end": "2024-07-19T02:58:42.214Z",
    "duration": 475,
    "testsRegistered": 1,
    "passPercent": 0,
    "pendingPercent": 0,
    "other": 0,
    "hasOther": false,
    "skipped": 0,
    "hasSkipped": false
  },
  "results": [
    {
      "uuid": "939b2f8a-7ff6-4866-94c8-7abbfe3afd52",
      "title": "",
      "fullFile": "cypress\\e2e\\viewuser_account.spec.js",
      "file": "cypress\\e2e\\viewuser_account.spec.js",
      "beforeHooks": [],
      "afterHooks": [],
      "tests": [],
      "suites": [
        {
          "uuid": "29d19e0a-1ef2-498a-bb0a-c214fbb6bbc0",
          "title": "View User Account API Test",
          "fullFile": "",
          "file": "",
          "beforeHooks": [],
          "afterHooks": [],
          "tests": [
            {
              "title": "should successfully fetch the user account details",
              "fullTitle": "View User Account API Test should successfully fetch the user account details",
              "timedOut": null,
              "duration": 381,
              "state": "failed",
              "speed": null,
              "pass": false,
              "fail": true,
              "pending": false,
              "context": null,
              "code": "const apiUrl = 'https://pet-shop.buckhill.com.hr/api/v1/user';\n// Make the API request with the token in the headers\ncy.request({\n  method: 'GET',\n  url: apiUrl,\n  headers: {\n    Authorization: `Bearer ${adminToken}`\n  },\n  failOnStatusCode: false // Handle non-200 status codes\n}).then(response => {\n  // Debugging: Log response status and body\n  cy.log(`Response Status: ${response.status}`);\n  cy.log(`Response Body: ${JSON.stringify(response.body)}`);\n  // Assert the response status code\n  expect(response.status).to.equal(200);\n  // Assert the response body data against expected values\n  const data = response.body.data;\n  expect(data.uuid).to.equal('f32e894e-e58e-3240-b6f7-8de3d5c7768d');\n  expect(data.first_name).to.equal('Lafayette');\n  expect(data.last_name).to.equal('Kessler');\n  expect(data.email).to.equal('admin@buckhill.co.uk');\n  expect(data.avatar).to.equal('eadb7f8e-e61e-3ba1-bc8a-dcec51697d20');\n  expect(data.address).to.equal('12223 Sammie Island\\nSouth Emiliano, MS 12858-3327');\n  expect(data.phone_number).to.equal('+1.469.494.8081');\n  expect(data.is_marketing).to.equal(1);\n});",
              "err": {
                "message": "CypressError: `cy.request()` failed on:\n\nhttps://pet-shop.buckhill.com.hr/api/v1/admin/login\n\nThe response we received from your web server was:\n\n  > 429: Too Many Requests\n\nThis was considered a failure because the status code was not `2xx` or `3xx`.\n\nIf you do not want status codes to cause failures pass the option: `failOnStatusCode: false`\n\n-----------------------------------------------------------\n\nThe request we sent was:\n\nMethod: POST\nURL: https://pet-shop.buckhill.com.hr/api/v1/admin/login\nHeaders: {\n  \"Connection\": \"keep-alive\",\n  \"Content-Type\": \"application/json\",\n  \"user-agent\": \"Mozilla/5.0 (Windows NT 10.0; Win64; x64) AppleWebKit/537.36 (KHTML, like Gecko) Cypress/12.7.0 Chrome/106.0.5249.51 Electron/21.0.0 Safari/537.36\",\n  \"accept\": \"*/*\",\n  \"accept-encoding\": \"gzip, deflate\",\n  \"content-length\": 51\n}\nBody: {\"email\":\"admin@buckhill.co.uk\",\"password\":\"admin\"}\n\n-----------------------------------------------------------\n\nThe response we got was:\n\nStatus: 429 - Too Many Requests\nHeaders: {\n  \"date\": \"Fri, 19 Jul 2024 02:58:41 GMT\",\n  \"content-type\": \"text/html; charset=UTF-8\",\n  \"transfer-encoding\": \"chunked\",\n  \"connection\": \"keep-alive\",\n  \"server\": \"nginx\",\n  \"cache-control\": \"no-cache, private\",\n  \"access-control-allow-origin\": \"*\",\n  \"set-cookie\": [\n    \"laravel_session=eyJpdiI6Ik5FRWRtMmVSOE9JK0VWOGxKL0Y2T3c9PSIsInZhbHVlIjoiVlRpcWpMR0xoWG5JRUdhYXN4WTdrTWwwRnN3cTc5UUp3ZGRhQjR0NFM3TlJrL3RlOHVld3NLZEl6Wkk0cDRnRkRNcWMxKzVDcHUrbmlKNUo4b1kyWDh0elRzeXE3Q0p4K244ZmZReGpXTlN0TGlRR2VVSVZ5UkNTbmorclZ1THAiLCJtYWMiOiIzMDE1ZDUzMWMzMTY5ZTQyNWQ4N2Y4NGQ1YTk2ZTdjNGRjMTRiYWU4YTdjMDEzMDY3MzY5MTE3YTg1YTE4MWU0IiwidGFnIjoiIn0%3D; expires=Fri, 19-Jul-2024 04:58:41 GMT; Max-Age=7200; path=/; httponly; samesite=lax\"\n  ]\n}\nBody: Too Many Requests\n\n\nhttps://on.cypress.io/request\n\nBecause this error occurred during a `before all` hook we are skipping the remaining tests in the current suite: `View User Account API Test`",
                "estack": "CypressError: `cy.request()` failed on:\n\nhttps://pet-shop.buckhill.com.hr/api/v1/admin/login\n\nThe response we received from your web server was:\n\n  > 429: Too Many Requests\n\nThis was considered a failure because the status code was not `2xx` or `3xx`.\n\nIf you do not want status codes to cause failures pass the option: `failOnStatusCode: false`\n\n-----------------------------------------------------------\n\nThe request we sent was:\n\nMethod: POST\nURL: https://pet-shop.buckhill.com.hr/api/v1/admin/login\nHeaders: {\n  \"Connection\": \"keep-alive\",\n  \"Content-Type\": \"application/json\",\n  \"user-agent\": \"Mozilla/5.0 (Windows NT 10.0; Win64; x64) AppleWebKit/537.36 (KHTML, like Gecko) Cypress/12.7.0 Chrome/106.0.5249.51 Electron/21.0.0 Safari/537.36\",\n  \"accept\": \"*/*\",\n  \"accept-encoding\": \"gzip, deflate\",\n  \"content-length\": 51\n}\nBody: {\"email\":\"admin@buckhill.co.uk\",\"password\":\"admin\"}\n\n-----------------------------------------------------------\n\nThe response we got was:\n\nStatus: 429 - Too Many Requests\nHeaders: {\n  \"date\": \"Fri, 19 Jul 2024 02:58:41 GMT\",\n  \"content-type\": \"text/html; charset=UTF-8\",\n  \"transfer-encoding\": \"chunked\",\n  \"connection\": \"keep-alive\",\n  \"server\": \"nginx\",\n  \"cache-control\": \"no-cache, private\",\n  \"access-control-allow-origin\": \"*\",\n  \"set-cookie\": [\n    \"laravel_session=eyJpdiI6Ik5FRWRtMmVSOE9JK0VWOGxKL0Y2T3c9PSIsInZhbHVlIjoiVlRpcWpMR0xoWG5JRUdhYXN4WTdrTWwwRnN3cTc5UUp3ZGRhQjR0NFM3TlJrL3RlOHVld3NLZEl6Wkk0cDRnRkRNcWMxKzVDcHUrbmlKNUo4b1kyWDh0elRzeXE3Q0p4K244ZmZReGpXTlN0TGlRR2VVSVZ5UkNTbmorclZ1THAiLCJtYWMiOiIzMDE1ZDUzMWMzMTY5ZTQyNWQ4N2Y4NGQ1YTk2ZTdjNGRjMTRiYWU4YTdjMDEzMDY3MzY5MTE3YTg1YTE4MWU0IiwidGFnIjoiIn0%3D; expires=Fri, 19-Jul-2024 04:58:41 GMT; Max-Age=7200; path=/; httponly; samesite=lax\"\n  ]\n}\nBody: Too Many Requests\n\n\nhttps://on.cypress.io/request\n\nBecause this error occurred during a `before all` hook we are skipping the remaining tests in the current suite: `View User Account API Test`\n    at <unknown> (http://localhost:57917/__cypress/runner/cypress_runner.js:139729:80)\n    at tryCatcher (http://localhost:57917/__cypress/runner/cypress_runner.js:8914:23)\n    at Promise._settlePromiseFromHandler (http://localhost:57917/__cypress/runner/cypress_runner.js:6849:31)\n    at Promise._settlePromise (http://localhost:57917/__cypress/runner/cypress_runner.js:6906:18)\n    at Promise._settlePromise0 (http://localhost:57917/__cypress/runner/cypress_runner.js:6951:10)\n    at Promise._settlePromises (http://localhost:57917/__cypress/runner/cypress_runner.js:7031:18)\n    at _drainQueueStep (http://localhost:57917/__cypress/runner/cypress_runner.js:3621:12)\n    at _drainQueue (http://localhost:57917/__cypress/runner/cypress_runner.js:3614:9)\n    at ../../node_modules/bluebird/js/release/async.js.Async._drainQueues (http://localhost:57917/__cypress/runner/cypress_runner.js:3630:5)\n    at Async.drainQueues (http://localhost:57917/__cypress/runner/cypress_runner.js:3500:14)\nFrom Your Spec Code:\n    at Context.eval (webpack:///./cypress/support/commands.js:127:12)",
                "diff": null
              },
              "uuid": "a228aefd-f58c-4cf7-90b4-608ba2079246",
              "parentUUID": "29d19e0a-1ef2-498a-bb0a-c214fbb6bbc0",
              "isHook": false,
              "skipped": false
            }
          ],
          "suites": [],
          "passes": [],
          "failures": [
            "a228aefd-f58c-4cf7-90b4-608ba2079246"
          ],
          "pending": [],
          "skipped": [],
          "duration": 381,
          "root": false,
          "rootEmpty": false,
          "_timeout": 2000
        }
      ],
      "passes": [],
      "failures": [],
      "pending": [],
      "skipped": [],
      "duration": 0,
      "root": true,
      "rootEmpty": true,
      "_timeout": 2000
    }
  ],
  "meta": {
    "mocha": {
      "version": "7.0.1"
    },
    "mochawesome": {
      "options": {
        "quiet": false,
        "reportFilename": "mochawesome",
        "saveHtml": true,
        "saveJson": true,
        "consoleReporter": "spec",
        "useInlineDiffs": false,
        "code": true
      },
      "version": "7.1.3"
    },
    "marge": {
      "options": null,
      "version": "6.2.0"
    }
  }
}